<?xml version="1.0" encoding="UTF-8"?>
<!-- Generated by org.testng.reporters.JUnitReportReporter -->
<testsuite hostname="MS-20181127ISPX" name="com.stu.webdriver03.TestNgDemo01" tests="1" failures="0" timestamp="10 Aug 2019 08:28:58 GMT" time="3.002" errors="0">
  <testcase name="testCase1" time="3.002" classname="com.stu.webdriver03.TestNgDemo01"/>
</testsuite> <!-- com.stu.webdriver03.TestNgDemo01 -->
